16-Dec-2022 23:07:06.985 INFO [main] org.apache.catalina.startup.VersionLoggerListener.log 서버 버전 이름:    Apache Tomcat/9.0.70
16-Dec-2022 23:07:07.007 INFO [main] org.apache.catalina.startup.VersionLoggerListener.log Server 빌드 시각:  Dec 1 2022 14:05:47 UTC
16-Dec-2022 23:07:07.007 INFO [main] org.apache.catalina.startup.VersionLoggerListener.log Server 버전 번호:  9.0.70.0
16-Dec-2022 23:07:07.008 INFO [main] org.apache.catalina.startup.VersionLoggerListener.log 운영체제 이름:     Windows 11
16-Dec-2022 23:07:07.008 INFO [main] org.apache.catalina.startup.VersionLoggerListener.log 운영체제 버전:     10.0
16-Dec-2022 23:07:07.008 INFO [main] org.apache.catalina.startup.VersionLoggerListener.log 아키텍처:          amd64
16-Dec-2022 23:07:07.008 INFO [main] org.apache.catalina.startup.VersionLoggerListener.log 자바 홈:           C:\Program Files\Java\jdk-18.0.2.1
16-Dec-2022 23:07:07.008 INFO [main] org.apache.catalina.startup.VersionLoggerListener.log JVM 버전:          18.0.2.1+1-1
16-Dec-2022 23:07:07.008 INFO [main] org.apache.catalina.startup.VersionLoggerListener.log JVM 벤더:          Oracle Corporation
16-Dec-2022 23:07:07.009 INFO [main] org.apache.catalina.startup.VersionLoggerListener.log CATALINA_BASE:     C:\Users\jmk04\OneDrive\문서\apache-tomcat-9.0.70-windows-x64\apache-tomcat-9.0.70
16-Dec-2022 23:07:07.009 INFO [main] org.apache.catalina.startup.VersionLoggerListener.log CATALINA_HOME:     C:\Users\jmk04\OneDrive\문서\apache-tomcat-9.0.70-windows-x64\apache-tomcat-9.0.70
16-Dec-2022 23:07:07.010 INFO [main] org.apache.catalina.startup.VersionLoggerListener.log 명령 행 아규먼트:  --add-opens=java.base/java.lang=ALL-UNNAMED
16-Dec-2022 23:07:07.011 INFO [main] org.apache.catalina.startup.VersionLoggerListener.log 명령 행 아규먼트:  --add-opens=java.base/java.io=ALL-UNNAMED
16-Dec-2022 23:07:07.011 INFO [main] org.apache.catalina.startup.VersionLoggerListener.log 명령 행 아규먼트:  --add-opens=java.base/java.util=ALL-UNNAMED
16-Dec-2022 23:07:07.012 INFO [main] org.apache.catalina.startup.VersionLoggerListener.log 명령 행 아규먼트:  --add-opens=java.base/java.util.concurrent=ALL-UNNAMED
16-Dec-2022 23:07:07.012 INFO [main] org.apache.catalina.startup.VersionLoggerListener.log 명령 행 아규먼트:  --add-opens=java.rmi/sun.rmi.transport=ALL-UNNAMED
16-Dec-2022 23:07:07.012 INFO [main] org.apache.catalina.startup.VersionLoggerListener.log 명령 행 아규먼트:  -Djava.util.logging.config.file=C:\Users\jmk04\OneDrive\문서\apache-tomcat-9.0.70-windows-x64\apache-tomcat-9.0.70\conf\logging.properties
16-Dec-2022 23:07:07.013 INFO [main] org.apache.catalina.startup.VersionLoggerListener.log 명령 행 아규먼트:  -Djava.util.logging.manager=org.apache.juli.ClassLoaderLogManager
16-Dec-2022 23:07:07.014 INFO [main] org.apache.catalina.startup.VersionLoggerListener.log 명령 행 아규먼트:  -Djdk.tls.ephemeralDHKeySize=2048
16-Dec-2022 23:07:07.015 INFO [main] org.apache.catalina.startup.VersionLoggerListener.log 명령 행 아규먼트:  -Djava.protocol.handler.pkgs=org.apache.catalina.webresources
16-Dec-2022 23:07:07.016 INFO [main] org.apache.catalina.startup.VersionLoggerListener.log 명령 행 아규먼트:  -Dignore.endorsed.dirs=
16-Dec-2022 23:07:07.016 INFO [main] org.apache.catalina.startup.VersionLoggerListener.log 명령 행 아규먼트:  -Dcatalina.base=C:\Users\jmk04\OneDrive\문서\apache-tomcat-9.0.70-windows-x64\apache-tomcat-9.0.70
16-Dec-2022 23:07:07.017 INFO [main] org.apache.catalina.startup.VersionLoggerListener.log 명령 행 아규먼트:  -Dcatalina.home=C:\Users\jmk04\OneDrive\문서\apache-tomcat-9.0.70-windows-x64\apache-tomcat-9.0.70
16-Dec-2022 23:07:07.017 INFO [main] org.apache.catalina.startup.VersionLoggerListener.log 명령 행 아규먼트:  -Djava.io.tmpdir=C:\Users\jmk04\OneDrive\문서\apache-tomcat-9.0.70-windows-x64\apache-tomcat-9.0.70\temp
16-Dec-2022 23:07:07.025 INFO [main] org.apache.catalina.core.AprLifecycleListener.lifecycleEvent APR 버전 [1.7.0]을(를) 사용한, APR 기반 Apache Tomcat Native 라이브러리 [1.2.35]을(를) 로드했습니다.
16-Dec-2022 23:07:07.026 INFO [main] org.apache.catalina.core.AprLifecycleListener.lifecycleEvent APR 용량정보들: IPv6 [true], sendfile [true], accept filters [false], random [true], UDS [true].
16-Dec-2022 23:07:07.026 INFO [main] org.apache.catalina.core.AprLifecycleListener.lifecycleEvent APR/OpenSSL 설정: useAprConnector [false], useOpenSSL [true]
16-Dec-2022 23:07:07.042 INFO [main] org.apache.catalina.core.AprLifecycleListener.initializeSSL OpenSSL이 성공적으로 초기화되었습니다: [OpenSSL 1.1.1q  5 Jul 2022]
16-Dec-2022 23:07:07.358 INFO [main] org.apache.coyote.AbstractProtocol.init 프로토콜 핸들러 ["http-nio-8080"]을(를) 초기화합니다.
16-Dec-2022 23:07:07.394 INFO [main] org.apache.catalina.startup.Catalina.load [658] 밀리초 내에 서버가 초기화되었습니다.
16-Dec-2022 23:07:07.453 INFO [main] org.apache.catalina.core.StandardService.startInternal 서비스 [Catalina]을(를) 시작합니다.
16-Dec-2022 23:07:07.461 INFO [main] org.apache.catalina.core.StandardEngine.startInternal 서버 엔진을 시작합니다: [Apache Tomcat/9.0.70]
16-Dec-2022 23:07:07.473 INFO [main] org.apache.catalina.startup.HostConfig.deployDirectory 웹 애플리케이션 디렉토리 [C:\Users\jmk04\OneDrive\문서\apache-tomcat-9.0.70-windows-x64\apache-tomcat-9.0.70\webapps\docs]을(를) 배치합니다.
16-Dec-2022 23:07:07.819 INFO [main] org.apache.catalina.startup.HostConfig.deployDirectory 웹 애플리케이션 디렉토리 [C:\Users\jmk04\OneDrive\문서\apache-tomcat-9.0.70-windows-x64\apache-tomcat-9.0.70\webapps\docs]에 대한 배치가 [343] 밀리초에 완료되었습니다.
16-Dec-2022 23:07:07.826 INFO [main] org.apache.catalina.startup.HostConfig.deployDirectory 웹 애플리케이션 디렉토리 [C:\Users\jmk04\OneDrive\문서\apache-tomcat-9.0.70-windows-x64\apache-tomcat-9.0.70\webapps\examples]을(를) 배치합니다.
16-Dec-2022 23:07:08.444 INFO [main] org.apache.catalina.startup.HostConfig.deployDirectory 웹 애플리케이션 디렉토리 [C:\Users\jmk04\OneDrive\문서\apache-tomcat-9.0.70-windows-x64\apache-tomcat-9.0.70\webapps\examples]에 대한 배치가 [617] 밀리초에 완료되었습니다.
16-Dec-2022 23:07:08.447 INFO [main] org.apache.catalina.startup.HostConfig.deployDirectory 웹 애플리케이션 디렉토리 [C:\Users\jmk04\OneDrive\문서\apache-tomcat-9.0.70-windows-x64\apache-tomcat-9.0.70\webapps\home]을(를) 배치합니다.
16-Dec-2022 23:07:08.773 INFO [main] org.apache.catalina.startup.HostConfig.deployDirectory 웹 애플리케이션 디렉토리 [C:\Users\jmk04\OneDrive\문서\apache-tomcat-9.0.70-windows-x64\apache-tomcat-9.0.70\webapps\home]에 대한 배치가 [326] 밀리초에 완료되었습니다.
16-Dec-2022 23:07:08.776 INFO [main] org.apache.catalina.startup.HostConfig.deployDirectory 웹 애플리케이션 디렉토리 [C:\Users\jmk04\OneDrive\문서\apache-tomcat-9.0.70-windows-x64\apache-tomcat-9.0.70\webapps\host-manager]을(를) 배치합니다.
16-Dec-2022 23:07:08.852 INFO [main] org.apache.catalina.startup.HostConfig.deployDirectory 웹 애플리케이션 디렉토리 [C:\Users\jmk04\OneDrive\문서\apache-tomcat-9.0.70-windows-x64\apache-tomcat-9.0.70\webapps\host-manager]에 대한 배치가 [76] 밀리초에 완료되었습니다.
16-Dec-2022 23:07:08.856 INFO [main] org.apache.catalina.startup.HostConfig.deployDirectory 웹 애플리케이션 디렉토리 [C:\Users\jmk04\OneDrive\문서\apache-tomcat-9.0.70-windows-x64\apache-tomcat-9.0.70\webapps\manager]을(를) 배치합니다.
16-Dec-2022 23:07:08.920 INFO [main] org.apache.catalina.startup.HostConfig.deployDirectory 웹 애플리케이션 디렉토리 [C:\Users\jmk04\OneDrive\문서\apache-tomcat-9.0.70-windows-x64\apache-tomcat-9.0.70\webapps\manager]에 대한 배치가 [64] 밀리초에 완료되었습니다.
16-Dec-2022 23:07:08.924 INFO [main] org.apache.catalina.startup.HostConfig.deployDirectory 웹 애플리케이션 디렉토리 [C:\Users\jmk04\OneDrive\문서\apache-tomcat-9.0.70-windows-x64\apache-tomcat-9.0.70\webapps\ROOT]을(를) 배치합니다.
16-Dec-2022 23:07:08.961 INFO [main] org.apache.catalina.startup.HostConfig.deployDirectory 웹 애플리케이션 디렉토리 [C:\Users\jmk04\OneDrive\문서\apache-tomcat-9.0.70-windows-x64\apache-tomcat-9.0.70\webapps\ROOT]에 대한 배치가 [36] 밀리초에 완료되었습니다.
16-Dec-2022 23:07:08.968 INFO [main] org.apache.coyote.AbstractProtocol.start 프로토콜 핸들러 ["http-nio-8080"]을(를) 시작합니다.
16-Dec-2022 23:07:09.007 INFO [main] org.apache.catalina.startup.Catalina.start 서버가 [1611] 밀리초 내에 시작되었습니다.
16-Dec-2022 23:07:18.451 INFO [main] org.apache.catalina.core.StandardServer.await 셧다운 포트를 통해 유효한 셧다운 명령을 받았습니다. 서버 인스턴스를 중지시킵니다.
16-Dec-2022 23:07:18.463 INFO [main] org.apache.coyote.AbstractProtocol.pause 프로토콜 핸들러 ["http-nio-8080"]을(를) 일시 정지 중
16-Dec-2022 23:07:18.473 INFO [main] org.apache.catalina.core.StandardService.stopInternal 서비스 [Catalina]을(를) 중지시킵니다.
16-Dec-2022 23:07:18.499 INFO [main] org.apache.coyote.AbstractProtocol.stop 프로토콜 핸들러 ["http-nio-8080"]을(를) 중지시킵니다.
16-Dec-2022 23:07:18.513 INFO [main] org.apache.coyote.AbstractProtocol.destroy 프로토콜 핸들러 ["http-nio-8080"]을(를) 소멸시킵니다.
16-Dec-2022 23:08:18.790 INFO [main] org.apache.catalina.startup.VersionLoggerListener.log 서버 버전 이름:    Apache Tomcat/9.0.70
16-Dec-2022 23:08:18.797 INFO [main] org.apache.catalina.startup.VersionLoggerListener.log Server 빌드 시각:  Dec 1 2022 14:05:47 UTC
16-Dec-2022 23:08:18.798 INFO [main] org.apache.catalina.startup.VersionLoggerListener.log Server 버전 번호:  9.0.70.0
16-Dec-2022 23:08:18.798 INFO [main] org.apache.catalina.startup.VersionLoggerListener.log 운영체제 이름:     Windows 11
16-Dec-2022 23:08:18.798 INFO [main] org.apache.catalina.startup.VersionLoggerListener.log 운영체제 버전:     10.0
16-Dec-2022 23:08:18.798 INFO [main] org.apache.catalina.startup.VersionLoggerListener.log 아키텍처:          amd64
16-Dec-2022 23:08:18.798 INFO [main] org.apache.catalina.startup.VersionLoggerListener.log 자바 홈:           C:\Program Files\Java\jdk-18.0.2.1
16-Dec-2022 23:08:18.799 INFO [main] org.apache.catalina.startup.VersionLoggerListener.log JVM 버전:          18.0.2.1+1-1
16-Dec-2022 23:08:18.799 INFO [main] org.apache.catalina.startup.VersionLoggerListener.log JVM 벤더:          Oracle Corporation
16-Dec-2022 23:08:18.799 INFO [main] org.apache.catalina.startup.VersionLoggerListener.log CATALINA_BASE:     C:\Users\jmk04\OneDrive\문서\apache-tomcat-9.0.70-windows-x64\apache-tomcat-9.0.70
16-Dec-2022 23:08:18.799 INFO [main] org.apache.catalina.startup.VersionLoggerListener.log CATALINA_HOME:     C:\Users\jmk04\OneDrive\문서\apache-tomcat-9.0.70-windows-x64\apache-tomcat-9.0.70
16-Dec-2022 23:08:18.814 INFO [main] org.apache.catalina.startup.VersionLoggerListener.log 명령 행 아규먼트:  --add-opens=java.base/java.lang=ALL-UNNAMED
16-Dec-2022 23:08:18.822 INFO [main] org.apache.catalina.startup.VersionLoggerListener.log 명령 행 아규먼트:  --add-opens=java.base/java.io=ALL-UNNAMED
16-Dec-2022 23:08:18.823 INFO [main] org.apache.catalina.startup.VersionLoggerListener.log 명령 행 아규먼트:  --add-opens=java.base/java.util=ALL-UNNAMED
16-Dec-2022 23:08:18.824 INFO [main] org.apache.catalina.startup.VersionLoggerListener.log 명령 행 아규먼트:  --add-opens=java.base/java.util.concurrent=ALL-UNNAMED
16-Dec-2022 23:08:18.825 INFO [main] org.apache.catalina.startup.VersionLoggerListener.log 명령 행 아규먼트:  --add-opens=java.rmi/sun.rmi.transport=ALL-UNNAMED
16-Dec-2022 23:08:18.826 INFO [main] org.apache.catalina.startup.VersionLoggerListener.log 명령 행 아규먼트:  -Djava.util.logging.config.file=C:\Users\jmk04\OneDrive\문서\apache-tomcat-9.0.70-windows-x64\apache-tomcat-9.0.70\conf\logging.properties
16-Dec-2022 23:08:18.826 INFO [main] org.apache.catalina.startup.VersionLoggerListener.log 명령 행 아규먼트:  -Djava.util.logging.manager=org.apache.juli.ClassLoaderLogManager
16-Dec-2022 23:08:18.827 INFO [main] org.apache.catalina.startup.VersionLoggerListener.log 명령 행 아규먼트:  -Djdk.tls.ephemeralDHKeySize=2048
16-Dec-2022 23:08:18.827 INFO [main] org.apache.catalina.startup.VersionLoggerListener.log 명령 행 아규먼트:  -Djava.protocol.handler.pkgs=org.apache.catalina.webresources
16-Dec-2022 23:08:18.828 INFO [main] org.apache.catalina.startup.VersionLoggerListener.log 명령 행 아규먼트:  -Dignore.endorsed.dirs=
16-Dec-2022 23:08:18.829 INFO [main] org.apache.catalina.startup.VersionLoggerListener.log 명령 행 아규먼트:  -Dcatalina.base=C:\Users\jmk04\OneDrive\문서\apache-tomcat-9.0.70-windows-x64\apache-tomcat-9.0.70
16-Dec-2022 23:08:18.830 INFO [main] org.apache.catalina.startup.VersionLoggerListener.log 명령 행 아규먼트:  -Dcatalina.home=C:\Users\jmk04\OneDrive\문서\apache-tomcat-9.0.70-windows-x64\apache-tomcat-9.0.70
16-Dec-2022 23:08:18.830 INFO [main] org.apache.catalina.startup.VersionLoggerListener.log 명령 행 아규먼트:  -Djava.io.tmpdir=C:\Users\jmk04\OneDrive\문서\apache-tomcat-9.0.70-windows-x64\apache-tomcat-9.0.70\temp
16-Dec-2022 23:08:18.839 INFO [main] org.apache.catalina.core.AprLifecycleListener.lifecycleEvent APR 버전 [1.7.0]을(를) 사용한, APR 기반 Apache Tomcat Native 라이브러리 [1.2.35]을(를) 로드했습니다.
16-Dec-2022 23:08:18.848 INFO [main] org.apache.catalina.core.AprLifecycleListener.lifecycleEvent APR 용량정보들: IPv6 [true], sendfile [true], accept filters [false], random [true], UDS [true].
16-Dec-2022 23:08:18.850 INFO [main] org.apache.catalina.core.AprLifecycleListener.lifecycleEvent APR/OpenSSL 설정: useAprConnector [false], useOpenSSL [true]
16-Dec-2022 23:08:18.863 INFO [main] org.apache.catalina.core.AprLifecycleListener.initializeSSL OpenSSL이 성공적으로 초기화되었습니다: [OpenSSL 1.1.1q  5 Jul 2022]
16-Dec-2022 23:08:19.184 INFO [main] org.apache.coyote.AbstractProtocol.init 프로토콜 핸들러 ["http-nio-8080"]을(를) 초기화합니다.
16-Dec-2022 23:08:19.214 INFO [main] org.apache.catalina.startup.Catalina.load [680] 밀리초 내에 서버가 초기화되었습니다.
16-Dec-2022 23:08:19.267 INFO [main] org.apache.catalina.core.StandardService.startInternal 서비스 [Catalina]을(를) 시작합니다.
16-Dec-2022 23:08:19.272 INFO [main] org.apache.catalina.core.StandardEngine.startInternal 서버 엔진을 시작합니다: [Apache Tomcat/9.0.70]
16-Dec-2022 23:08:19.285 INFO [main] org.apache.catalina.startup.HostConfig.deployDirectory 웹 애플리케이션 디렉토리 [C:\Users\jmk04\OneDrive\문서\apache-tomcat-9.0.70-windows-x64\apache-tomcat-9.0.70\webapps\docs]을(를) 배치합니다.
16-Dec-2022 23:08:19.724 INFO [main] org.apache.catalina.startup.HostConfig.deployDirectory 웹 애플리케이션 디렉토리 [C:\Users\jmk04\OneDrive\문서\apache-tomcat-9.0.70-windows-x64\apache-tomcat-9.0.70\webapps\docs]에 대한 배치가 [436] 밀리초에 완료되었습니다.
16-Dec-2022 23:08:19.728 INFO [main] org.apache.catalina.startup.HostConfig.deployDirectory 웹 애플리케이션 디렉토리 [C:\Users\jmk04\OneDrive\문서\apache-tomcat-9.0.70-windows-x64\apache-tomcat-9.0.70\webapps\examples]을(를) 배치합니다.
16-Dec-2022 23:08:20.548 INFO [main] org.apache.catalina.startup.HostConfig.deployDirectory 웹 애플리케이션 디렉토리 [C:\Users\jmk04\OneDrive\문서\apache-tomcat-9.0.70-windows-x64\apache-tomcat-9.0.70\webapps\examples]에 대한 배치가 [821] 밀리초에 완료되었습니다.
16-Dec-2022 23:08:20.551 INFO [main] org.apache.catalina.startup.HostConfig.deployDirectory 웹 애플리케이션 디렉토리 [C:\Users\jmk04\OneDrive\문서\apache-tomcat-9.0.70-windows-x64\apache-tomcat-9.0.70\webapps\home]을(를) 배치합니다.
16-Dec-2022 23:08:21.021 INFO [main] org.apache.catalina.startup.HostConfig.deployDirectory 웹 애플리케이션 디렉토리 [C:\Users\jmk04\OneDrive\문서\apache-tomcat-9.0.70-windows-x64\apache-tomcat-9.0.70\webapps\home]에 대한 배치가 [469] 밀리초에 완료되었습니다.
16-Dec-2022 23:08:21.024 INFO [main] org.apache.catalina.startup.HostConfig.deployDirectory 웹 애플리케이션 디렉토리 [C:\Users\jmk04\OneDrive\문서\apache-tomcat-9.0.70-windows-x64\apache-tomcat-9.0.70\webapps\host-manager]을(를) 배치합니다.
16-Dec-2022 23:08:21.101 INFO [main] org.apache.catalina.startup.HostConfig.deployDirectory 웹 애플리케이션 디렉토리 [C:\Users\jmk04\OneDrive\문서\apache-tomcat-9.0.70-windows-x64\apache-tomcat-9.0.70\webapps\host-manager]에 대한 배치가 [77] 밀리초에 완료되었습니다.
16-Dec-2022 23:08:21.105 INFO [main] org.apache.catalina.startup.HostConfig.deployDirectory 웹 애플리케이션 디렉토리 [C:\Users\jmk04\OneDrive\문서\apache-tomcat-9.0.70-windows-x64\apache-tomcat-9.0.70\webapps\manager]을(를) 배치합니다.
16-Dec-2022 23:08:21.178 INFO [main] org.apache.catalina.startup.HostConfig.deployDirectory 웹 애플리케이션 디렉토리 [C:\Users\jmk04\OneDrive\문서\apache-tomcat-9.0.70-windows-x64\apache-tomcat-9.0.70\webapps\manager]에 대한 배치가 [73] 밀리초에 완료되었습니다.
16-Dec-2022 23:08:21.182 INFO [main] org.apache.catalina.startup.HostConfig.deployDirectory 웹 애플리케이션 디렉토리 [C:\Users\jmk04\OneDrive\문서\apache-tomcat-9.0.70-windows-x64\apache-tomcat-9.0.70\webapps\ROOT]을(를) 배치합니다.
16-Dec-2022 23:08:21.233 INFO [main] org.apache.catalina.startup.HostConfig.deployDirectory 웹 애플리케이션 디렉토리 [C:\Users\jmk04\OneDrive\문서\apache-tomcat-9.0.70-windows-x64\apache-tomcat-9.0.70\webapps\ROOT]에 대한 배치가 [51] 밀리초에 완료되었습니다.
16-Dec-2022 23:08:21.241 INFO [main] org.apache.coyote.AbstractProtocol.start 프로토콜 핸들러 ["http-nio-8080"]을(를) 시작합니다.
16-Dec-2022 23:08:21.295 INFO [main] org.apache.catalina.startup.Catalina.start 서버가 [2075] 밀리초 내에 시작되었습니다.
16-Dec-2022 23:17:33.932 INFO [main] org.apache.catalina.core.StandardServer.await 셧다운 포트를 통해 유효한 셧다운 명령을 받았습니다. 서버 인스턴스를 중지시킵니다.
16-Dec-2022 23:17:33.937 INFO [main] org.apache.coyote.AbstractProtocol.pause 프로토콜 핸들러 ["http-nio-8080"]을(를) 일시 정지 중
16-Dec-2022 23:17:33.949 INFO [main] org.apache.catalina.core.StandardService.stopInternal 서비스 [Catalina]을(를) 중지시킵니다.
16-Dec-2022 23:17:34.020 WARNING [main] org.apache.catalina.loader.WebappClassLoaderBase.clearReferencesJdbc 웹 애플리케이션 [home]이(가) JDBC 드라이버 [org.h2.Driver]을(를) 등록했지만, 웹 애플리케이션이 중지될 때, 해당 JDBC 드라이버의 등록을 제거하지 못했습니다. 메모리 누수를 방지하기 위하여, 등록을 강제로 제거했습니다.
16-Dec-2022 23:17:34.047 INFO [main] org.apache.coyote.AbstractProtocol.stop 프로토콜 핸들러 ["http-nio-8080"]을(를) 중지시킵니다.
16-Dec-2022 23:17:34.066 INFO [main] org.apache.coyote.AbstractProtocol.destroy 프로토콜 핸들러 ["http-nio-8080"]을(를) 소멸시킵니다.
16-Dec-2022 23:17:37.761 INFO [main] org.apache.catalina.startup.VersionLoggerListener.log 서버 버전 이름:    Apache Tomcat/9.0.70
16-Dec-2022 23:17:37.766 INFO [main] org.apache.catalina.startup.VersionLoggerListener.log Server 빌드 시각:  Dec 1 2022 14:05:47 UTC
16-Dec-2022 23:17:37.766 INFO [main] org.apache.catalina.startup.VersionLoggerListener.log Server 버전 번호:  9.0.70.0
16-Dec-2022 23:17:37.766 INFO [main] org.apache.catalina.startup.VersionLoggerListener.log 운영체제 이름:     Windows 11
16-Dec-2022 23:17:37.766 INFO [main] org.apache.catalina.startup.VersionLoggerListener.log 운영체제 버전:     10.0
16-Dec-2022 23:17:37.766 INFO [main] org.apache.catalina.startup.VersionLoggerListener.log 아키텍처:          amd64
16-Dec-2022 23:17:37.766 INFO [main] org.apache.catalina.startup.VersionLoggerListener.log 자바 홈:           C:\Program Files\Java\jdk-18.0.2.1
16-Dec-2022 23:17:37.766 INFO [main] org.apache.catalina.startup.VersionLoggerListener.log JVM 버전:          18.0.2.1+1-1
16-Dec-2022 23:17:37.766 INFO [main] org.apache.catalina.startup.VersionLoggerListener.log JVM 벤더:          Oracle Corporation
16-Dec-2022 23:17:37.767 INFO [main] org.apache.catalina.startup.VersionLoggerListener.log CATALINA_BASE:     C:\Users\jmk04\OneDrive\문서\apache-tomcat-9.0.70-windows-x64\apache-tomcat-9.0.70
16-Dec-2022 23:17:37.767 INFO [main] org.apache.catalina.startup.VersionLoggerListener.log CATALINA_HOME:     C:\Users\jmk04\OneDrive\문서\apache-tomcat-9.0.70-windows-x64\apache-tomcat-9.0.70
16-Dec-2022 23:17:37.776 INFO [main] org.apache.catalina.startup.VersionLoggerListener.log 명령 행 아규먼트:  --add-opens=java.base/java.lang=ALL-UNNAMED
16-Dec-2022 23:17:37.777 INFO [main] org.apache.catalina.startup.VersionLoggerListener.log 명령 행 아규먼트:  --add-opens=java.base/java.io=ALL-UNNAMED
16-Dec-2022 23:17:37.778 INFO [main] org.apache.catalina.startup.VersionLoggerListener.log 명령 행 아규먼트:  --add-opens=java.base/java.util=ALL-UNNAMED
16-Dec-2022 23:17:37.778 INFO [main] org.apache.catalina.startup.VersionLoggerListener.log 명령 행 아규먼트:  --add-opens=java.base/java.util.concurrent=ALL-UNNAMED
16-Dec-2022 23:17:37.787 INFO [main] org.apache.catalina.startup.VersionLoggerListener.log 명령 행 아규먼트:  --add-opens=java.rmi/sun.rmi.transport=ALL-UNNAMED
16-Dec-2022 23:17:37.788 INFO [main] org.apache.catalina.startup.VersionLoggerListener.log 명령 행 아규먼트:  -Djava.util.logging.config.file=C:\Users\jmk04\OneDrive\문서\apache-tomcat-9.0.70-windows-x64\apache-tomcat-9.0.70\conf\logging.properties
16-Dec-2022 23:17:37.788 INFO [main] org.apache.catalina.startup.VersionLoggerListener.log 명령 행 아규먼트:  -Djava.util.logging.manager=org.apache.juli.ClassLoaderLogManager
16-Dec-2022 23:17:37.789 INFO [main] org.apache.catalina.startup.VersionLoggerListener.log 명령 행 아규먼트:  -Djdk.tls.ephemeralDHKeySize=2048
16-Dec-2022 23:17:37.790 INFO [main] org.apache.catalina.startup.VersionLoggerListener.log 명령 행 아규먼트:  -Djava.protocol.handler.pkgs=org.apache.catalina.webresources
16-Dec-2022 23:17:37.790 INFO [main] org.apache.catalina.startup.VersionLoggerListener.log 명령 행 아규먼트:  -Dignore.endorsed.dirs=
16-Dec-2022 23:17:37.791 INFO [main] org.apache.catalina.startup.VersionLoggerListener.log 명령 행 아규먼트:  -Dcatalina.base=C:\Users\jmk04\OneDrive\문서\apache-tomcat-9.0.70-windows-x64\apache-tomcat-9.0.70
16-Dec-2022 23:17:37.791 INFO [main] org.apache.catalina.startup.VersionLoggerListener.log 명령 행 아규먼트:  -Dcatalina.home=C:\Users\jmk04\OneDrive\문서\apache-tomcat-9.0.70-windows-x64\apache-tomcat-9.0.70
16-Dec-2022 23:17:37.792 INFO [main] org.apache.catalina.startup.VersionLoggerListener.log 명령 행 아규먼트:  -Djava.io.tmpdir=C:\Users\jmk04\OneDrive\문서\apache-tomcat-9.0.70-windows-x64\apache-tomcat-9.0.70\temp
16-Dec-2022 23:17:37.799 INFO [main] org.apache.catalina.core.AprLifecycleListener.lifecycleEvent APR 버전 [1.7.0]을(를) 사용한, APR 기반 Apache Tomcat Native 라이브러리 [1.2.35]을(를) 로드했습니다.
16-Dec-2022 23:17:37.803 INFO [main] org.apache.catalina.core.AprLifecycleListener.lifecycleEvent APR 용량정보들: IPv6 [true], sendfile [true], accept filters [false], random [true], UDS [true].
16-Dec-2022 23:17:37.803 INFO [main] org.apache.catalina.core.AprLifecycleListener.lifecycleEvent APR/OpenSSL 설정: useAprConnector [false], useOpenSSL [true]
16-Dec-2022 23:17:37.814 INFO [main] org.apache.catalina.core.AprLifecycleListener.initializeSSL OpenSSL이 성공적으로 초기화되었습니다: [OpenSSL 1.1.1q  5 Jul 2022]
16-Dec-2022 23:17:38.145 INFO [main] org.apache.coyote.AbstractProtocol.init 프로토콜 핸들러 ["http-nio-8080"]을(를) 초기화합니다.
16-Dec-2022 23:17:38.177 INFO [main] org.apache.catalina.startup.Catalina.load [684] 밀리초 내에 서버가 초기화되었습니다.
16-Dec-2022 23:17:38.239 INFO [main] org.apache.catalina.core.StandardService.startInternal 서비스 [Catalina]을(를) 시작합니다.
16-Dec-2022 23:17:38.243 INFO [main] org.apache.catalina.core.StandardEngine.startInternal 서버 엔진을 시작합니다: [Apache Tomcat/9.0.70]
16-Dec-2022 23:17:38.257 INFO [main] org.apache.catalina.startup.HostConfig.deployDirectory 웹 애플리케이션 디렉토리 [C:\Users\jmk04\OneDrive\문서\apache-tomcat-9.0.70-windows-x64\apache-tomcat-9.0.70\webapps\docs]을(를) 배치합니다.
16-Dec-2022 23:17:38.681 INFO [main] org.apache.catalina.startup.HostConfig.deployDirectory 웹 애플리케이션 디렉토리 [C:\Users\jmk04\OneDrive\문서\apache-tomcat-9.0.70-windows-x64\apache-tomcat-9.0.70\webapps\docs]에 대한 배치가 [421] 밀리초에 완료되었습니다.
16-Dec-2022 23:17:38.686 INFO [main] org.apache.catalina.startup.HostConfig.deployDirectory 웹 애플리케이션 디렉토리 [C:\Users\jmk04\OneDrive\문서\apache-tomcat-9.0.70-windows-x64\apache-tomcat-9.0.70\webapps\examples]을(를) 배치합니다.
16-Dec-2022 23:17:39.380 INFO [main] org.apache.catalina.startup.HostConfig.deployDirectory 웹 애플리케이션 디렉토리 [C:\Users\jmk04\OneDrive\문서\apache-tomcat-9.0.70-windows-x64\apache-tomcat-9.0.70\webapps\examples]에 대한 배치가 [694] 밀리초에 완료되었습니다.
16-Dec-2022 23:17:39.385 INFO [main] org.apache.catalina.startup.HostConfig.deployDirectory 웹 애플리케이션 디렉토리 [C:\Users\jmk04\OneDrive\문서\apache-tomcat-9.0.70-windows-x64\apache-tomcat-9.0.70\webapps\home]을(를) 배치합니다.
16-Dec-2022 23:17:39.766 INFO [main] org.apache.catalina.startup.HostConfig.deployDirectory 웹 애플리케이션 디렉토리 [C:\Users\jmk04\OneDrive\문서\apache-tomcat-9.0.70-windows-x64\apache-tomcat-9.0.70\webapps\home]에 대한 배치가 [381] 밀리초에 완료되었습니다.
16-Dec-2022 23:17:39.769 INFO [main] org.apache.catalina.startup.HostConfig.deployDirectory 웹 애플리케이션 디렉토리 [C:\Users\jmk04\OneDrive\문서\apache-tomcat-9.0.70-windows-x64\apache-tomcat-9.0.70\webapps\host-manager]을(를) 배치합니다.
16-Dec-2022 23:17:39.827 INFO [main] org.apache.catalina.startup.HostConfig.deployDirectory 웹 애플리케이션 디렉토리 [C:\Users\jmk04\OneDrive\문서\apache-tomcat-9.0.70-windows-x64\apache-tomcat-9.0.70\webapps\host-manager]에 대한 배치가 [58] 밀리초에 완료되었습니다.
16-Dec-2022 23:17:39.830 INFO [main] org.apache.catalina.startup.HostConfig.deployDirectory 웹 애플리케이션 디렉토리 [C:\Users\jmk04\OneDrive\문서\apache-tomcat-9.0.70-windows-x64\apache-tomcat-9.0.70\webapps\manager]을(를) 배치합니다.
16-Dec-2022 23:17:39.893 INFO [main] org.apache.catalina.startup.HostConfig.deployDirectory 웹 애플리케이션 디렉토리 [C:\Users\jmk04\OneDrive\문서\apache-tomcat-9.0.70-windows-x64\apache-tomcat-9.0.70\webapps\manager]에 대한 배치가 [63] 밀리초에 완료되었습니다.
16-Dec-2022 23:17:39.897 INFO [main] org.apache.catalina.startup.HostConfig.deployDirectory 웹 애플리케이션 디렉토리 [C:\Users\jmk04\OneDrive\문서\apache-tomcat-9.0.70-windows-x64\apache-tomcat-9.0.70\webapps\ROOT]을(를) 배치합니다.
16-Dec-2022 23:17:39.944 INFO [main] org.apache.catalina.startup.HostConfig.deployDirectory 웹 애플리케이션 디렉토리 [C:\Users\jmk04\OneDrive\문서\apache-tomcat-9.0.70-windows-x64\apache-tomcat-9.0.70\webapps\ROOT]에 대한 배치가 [47] 밀리초에 완료되었습니다.
16-Dec-2022 23:17:39.956 INFO [main] org.apache.coyote.AbstractProtocol.start 프로토콜 핸들러 ["http-nio-8080"]을(를) 시작합니다.
16-Dec-2022 23:17:39.996 INFO [main] org.apache.catalina.startup.Catalina.start 서버가 [1815] 밀리초 내에 시작되었습니다.
16-Dec-2022 23:31:06.482 INFO [main] org.apache.catalina.core.StandardServer.await 셧다운 포트를 통해 유효한 셧다운 명령을 받았습니다. 서버 인스턴스를 중지시킵니다.
16-Dec-2022 23:31:06.492 INFO [main] org.apache.coyote.AbstractProtocol.pause 프로토콜 핸들러 ["http-nio-8080"]을(를) 일시 정지 중
16-Dec-2022 23:31:06.509 INFO [main] org.apache.catalina.core.StandardService.stopInternal 서비스 [Catalina]을(를) 중지시킵니다.
16-Dec-2022 23:31:06.600 WARNING [main] org.apache.catalina.loader.WebappClassLoaderBase.clearReferencesJdbc 웹 애플리케이션 [home]이(가) JDBC 드라이버 [org.h2.Driver]을(를) 등록했지만, 웹 애플리케이션이 중지될 때, 해당 JDBC 드라이버의 등록을 제거하지 못했습니다. 메모리 누수를 방지하기 위하여, 등록을 강제로 제거했습니다.
16-Dec-2022 23:31:06.619 INFO [main] org.apache.coyote.AbstractProtocol.stop 프로토콜 핸들러 ["http-nio-8080"]을(를) 중지시킵니다.
16-Dec-2022 23:31:06.641 INFO [main] org.apache.coyote.AbstractProtocol.destroy 프로토콜 핸들러 ["http-nio-8080"]을(를) 소멸시킵니다.
16-Dec-2022 23:31:09.305 INFO [main] org.apache.catalina.startup.VersionLoggerListener.log 서버 버전 이름:    Apache Tomcat/9.0.70
16-Dec-2022 23:31:09.311 INFO [main] org.apache.catalina.startup.VersionLoggerListener.log Server 빌드 시각:  Dec 1 2022 14:05:47 UTC
16-Dec-2022 23:31:09.312 INFO [main] org.apache.catalina.startup.VersionLoggerListener.log Server 버전 번호:  9.0.70.0
16-Dec-2022 23:31:09.312 INFO [main] org.apache.catalina.startup.VersionLoggerListener.log 운영체제 이름:     Windows 11
16-Dec-2022 23:31:09.312 INFO [main] org.apache.catalina.startup.VersionLoggerListener.log 운영체제 버전:     10.0
16-Dec-2022 23:31:09.312 INFO [main] org.apache.catalina.startup.VersionLoggerListener.log 아키텍처:          amd64
16-Dec-2022 23:31:09.312 INFO [main] org.apache.catalina.startup.VersionLoggerListener.log 자바 홈:           C:\Program Files\Java\jdk-18.0.2.1
16-Dec-2022 23:31:09.313 INFO [main] org.apache.catalina.startup.VersionLoggerListener.log JVM 버전:          18.0.2.1+1-1
16-Dec-2022 23:31:09.313 INFO [main] org.apache.catalina.startup.VersionLoggerListener.log JVM 벤더:          Oracle Corporation
16-Dec-2022 23:31:09.313 INFO [main] org.apache.catalina.startup.VersionLoggerListener.log CATALINA_BASE:     C:\Users\jmk04\OneDrive\문서\apache-tomcat-9.0.70-windows-x64\apache-tomcat-9.0.70
16-Dec-2022 23:31:09.313 INFO [main] org.apache.catalina.startup.VersionLoggerListener.log CATALINA_HOME:     C:\Users\jmk04\OneDrive\문서\apache-tomcat-9.0.70-windows-x64\apache-tomcat-9.0.70
16-Dec-2022 23:31:09.320 INFO [main] org.apache.catalina.startup.VersionLoggerListener.log 명령 행 아규먼트:  --add-opens=java.base/java.lang=ALL-UNNAMED
16-Dec-2022 23:31:09.322 INFO [main] org.apache.catalina.startup.VersionLoggerListener.log 명령 행 아규먼트:  --add-opens=java.base/java.io=ALL-UNNAMED
16-Dec-2022 23:31:09.322 INFO [main] org.apache.catalina.startup.VersionLoggerListener.log 명령 행 아규먼트:  --add-opens=java.base/java.util=ALL-UNNAMED
16-Dec-2022 23:31:09.323 INFO [main] org.apache.catalina.startup.VersionLoggerListener.log 명령 행 아규먼트:  --add-opens=java.base/java.util.concurrent=ALL-UNNAMED
16-Dec-2022 23:31:09.323 INFO [main] org.apache.catalina.startup.VersionLoggerListener.log 명령 행 아규먼트:  --add-opens=java.rmi/sun.rmi.transport=ALL-UNNAMED
16-Dec-2022 23:31:09.324 INFO [main] org.apache.catalina.startup.VersionLoggerListener.log 명령 행 아규먼트:  -Djava.util.logging.config.file=C:\Users\jmk04\OneDrive\문서\apache-tomcat-9.0.70-windows-x64\apache-tomcat-9.0.70\conf\logging.properties
16-Dec-2022 23:31:09.324 INFO [main] org.apache.catalina.startup.VersionLoggerListener.log 명령 행 아규먼트:  -Djava.util.logging.manager=org.apache.juli.ClassLoaderLogManager
16-Dec-2022 23:31:09.325 INFO [main] org.apache.catalina.startup.VersionLoggerListener.log 명령 행 아규먼트:  -Djdk.tls.ephemeralDHKeySize=2048
16-Dec-2022 23:31:09.326 INFO [main] org.apache.catalina.startup.VersionLoggerListener.log 명령 행 아규먼트:  -Djava.protocol.handler.pkgs=org.apache.catalina.webresources
16-Dec-2022 23:31:09.327 INFO [main] org.apache.catalina.startup.VersionLoggerListener.log 명령 행 아규먼트:  -Dignore.endorsed.dirs=
16-Dec-2022 23:31:09.327 INFO [main] org.apache.catalina.startup.VersionLoggerListener.log 명령 행 아규먼트:  -Dcatalina.base=C:\Users\jmk04\OneDrive\문서\apache-tomcat-9.0.70-windows-x64\apache-tomcat-9.0.70
16-Dec-2022 23:31:09.328 INFO [main] org.apache.catalina.startup.VersionLoggerListener.log 명령 행 아규먼트:  -Dcatalina.home=C:\Users\jmk04\OneDrive\문서\apache-tomcat-9.0.70-windows-x64\apache-tomcat-9.0.70
16-Dec-2022 23:31:09.329 INFO [main] org.apache.catalina.startup.VersionLoggerListener.log 명령 행 아규먼트:  -Djava.io.tmpdir=C:\Users\jmk04\OneDrive\문서\apache-tomcat-9.0.70-windows-x64\apache-tomcat-9.0.70\temp
16-Dec-2022 23:31:09.333 INFO [main] org.apache.catalina.core.AprLifecycleListener.lifecycleEvent APR 버전 [1.7.0]을(를) 사용한, APR 기반 Apache Tomcat Native 라이브러리 [1.2.35]을(를) 로드했습니다.
16-Dec-2022 23:31:09.344 INFO [main] org.apache.catalina.core.AprLifecycleListener.lifecycleEvent APR 용량정보들: IPv6 [true], sendfile [true], accept filters [false], random [true], UDS [true].
16-Dec-2022 23:31:09.345 INFO [main] org.apache.catalina.core.AprLifecycleListener.lifecycleEvent APR/OpenSSL 설정: useAprConnector [false], useOpenSSL [true]
16-Dec-2022 23:31:09.349 INFO [main] org.apache.catalina.core.AprLifecycleListener.initializeSSL OpenSSL이 성공적으로 초기화되었습니다: [OpenSSL 1.1.1q  5 Jul 2022]
16-Dec-2022 23:31:09.672 INFO [main] org.apache.coyote.AbstractProtocol.init 프로토콜 핸들러 ["http-nio-8080"]을(를) 초기화합니다.
16-Dec-2022 23:31:09.757 INFO [main] org.apache.catalina.startup.Catalina.load [684] 밀리초 내에 서버가 초기화되었습니다.
16-Dec-2022 23:31:09.816 INFO [main] org.apache.catalina.core.StandardService.startInternal 서비스 [Catalina]을(를) 시작합니다.
16-Dec-2022 23:31:09.818 INFO [main] org.apache.catalina.core.StandardEngine.startInternal 서버 엔진을 시작합니다: [Apache Tomcat/9.0.70]
16-Dec-2022 23:31:09.850 INFO [main] org.apache.catalina.startup.HostConfig.deployDirectory 웹 애플리케이션 디렉토리 [C:\Users\jmk04\OneDrive\문서\apache-tomcat-9.0.70-windows-x64\apache-tomcat-9.0.70\webapps\docs]을(를) 배치합니다.
16-Dec-2022 23:31:10.256 INFO [main] org.apache.catalina.startup.HostConfig.deployDirectory 웹 애플리케이션 디렉토리 [C:\Users\jmk04\OneDrive\문서\apache-tomcat-9.0.70-windows-x64\apache-tomcat-9.0.70\webapps\docs]에 대한 배치가 [404] 밀리초에 완료되었습니다.
16-Dec-2022 23:31:10.259 INFO [main] org.apache.catalina.startup.HostConfig.deployDirectory 웹 애플리케이션 디렉토리 [C:\Users\jmk04\OneDrive\문서\apache-tomcat-9.0.70-windows-x64\apache-tomcat-9.0.70\webapps\examples]을(를) 배치합니다.
16-Dec-2022 23:31:10.955 INFO [main] org.apache.catalina.startup.HostConfig.deployDirectory 웹 애플리케이션 디렉토리 [C:\Users\jmk04\OneDrive\문서\apache-tomcat-9.0.70-windows-x64\apache-tomcat-9.0.70\webapps\examples]에 대한 배치가 [695] 밀리초에 완료되었습니다.
16-Dec-2022 23:31:10.958 INFO [main] org.apache.catalina.startup.HostConfig.deployDirectory 웹 애플리케이션 디렉토리 [C:\Users\jmk04\OneDrive\문서\apache-tomcat-9.0.70-windows-x64\apache-tomcat-9.0.70\webapps\home]을(를) 배치합니다.
16-Dec-2022 23:31:11.316 INFO [main] org.apache.catalina.startup.HostConfig.deployDirectory 웹 애플리케이션 디렉토리 [C:\Users\jmk04\OneDrive\문서\apache-tomcat-9.0.70-windows-x64\apache-tomcat-9.0.70\webapps\home]에 대한 배치가 [358] 밀리초에 완료되었습니다.
16-Dec-2022 23:31:11.320 INFO [main] org.apache.catalina.startup.HostConfig.deployDirectory 웹 애플리케이션 디렉토리 [C:\Users\jmk04\OneDrive\문서\apache-tomcat-9.0.70-windows-x64\apache-tomcat-9.0.70\webapps\host-manager]을(를) 배치합니다.
16-Dec-2022 23:31:11.385 INFO [main] org.apache.catalina.startup.HostConfig.deployDirectory 웹 애플리케이션 디렉토리 [C:\Users\jmk04\OneDrive\문서\apache-tomcat-9.0.70-windows-x64\apache-tomcat-9.0.70\webapps\host-manager]에 대한 배치가 [65] 밀리초에 완료되었습니다.
16-Dec-2022 23:31:11.390 INFO [main] org.apache.catalina.startup.HostConfig.deployDirectory 웹 애플리케이션 디렉토리 [C:\Users\jmk04\OneDrive\문서\apache-tomcat-9.0.70-windows-x64\apache-tomcat-9.0.70\webapps\manager]을(를) 배치합니다.
16-Dec-2022 23:31:11.449 INFO [main] org.apache.catalina.startup.HostConfig.deployDirectory 웹 애플리케이션 디렉토리 [C:\Users\jmk04\OneDrive\문서\apache-tomcat-9.0.70-windows-x64\apache-tomcat-9.0.70\webapps\manager]에 대한 배치가 [59] 밀리초에 완료되었습니다.
16-Dec-2022 23:31:11.452 INFO [main] org.apache.catalina.startup.HostConfig.deployDirectory 웹 애플리케이션 디렉토리 [C:\Users\jmk04\OneDrive\문서\apache-tomcat-9.0.70-windows-x64\apache-tomcat-9.0.70\webapps\ROOT]을(를) 배치합니다.
16-Dec-2022 23:31:11.489 INFO [main] org.apache.catalina.startup.HostConfig.deployDirectory 웹 애플리케이션 디렉토리 [C:\Users\jmk04\OneDrive\문서\apache-tomcat-9.0.70-windows-x64\apache-tomcat-9.0.70\webapps\ROOT]에 대한 배치가 [36] 밀리초에 완료되었습니다.
16-Dec-2022 23:31:11.495 INFO [main] org.apache.coyote.AbstractProtocol.start 프로토콜 핸들러 ["http-nio-8080"]을(를) 시작합니다.
16-Dec-2022 23:31:11.537 INFO [main] org.apache.catalina.startup.Catalina.start 서버가 [1773] 밀리초 내에 시작되었습니다.
16-Dec-2022 23:37:28.446 INFO [main] org.apache.catalina.core.StandardServer.await 셧다운 포트를 통해 유효한 셧다운 명령을 받았습니다. 서버 인스턴스를 중지시킵니다.
16-Dec-2022 23:37:28.453 INFO [main] org.apache.coyote.AbstractProtocol.pause 프로토콜 핸들러 ["http-nio-8080"]을(를) 일시 정지 중
16-Dec-2022 23:37:28.471 INFO [main] org.apache.catalina.core.StandardService.stopInternal 서비스 [Catalina]을(를) 중지시킵니다.
16-Dec-2022 23:37:28.525 WARNING [main] org.apache.catalina.loader.WebappClassLoaderBase.clearReferencesJdbc 웹 애플리케이션 [home]이(가) JDBC 드라이버 [org.h2.Driver]을(를) 등록했지만, 웹 애플리케이션이 중지될 때, 해당 JDBC 드라이버의 등록을 제거하지 못했습니다. 메모리 누수를 방지하기 위하여, 등록을 강제로 제거했습니다.
16-Dec-2022 23:37:28.547 INFO [main] org.apache.coyote.AbstractProtocol.stop 프로토콜 핸들러 ["http-nio-8080"]을(를) 중지시킵니다.
16-Dec-2022 23:37:28.566 INFO [main] org.apache.coyote.AbstractProtocol.destroy 프로토콜 핸들러 ["http-nio-8080"]을(를) 소멸시킵니다.
16-Dec-2022 23:37:32.817 INFO [main] org.apache.catalina.startup.VersionLoggerListener.log 서버 버전 이름:    Apache Tomcat/9.0.70
16-Dec-2022 23:37:32.824 INFO [main] org.apache.catalina.startup.VersionLoggerListener.log Server 빌드 시각:  Dec 1 2022 14:05:47 UTC
16-Dec-2022 23:37:32.824 INFO [main] org.apache.catalina.startup.VersionLoggerListener.log Server 버전 번호:  9.0.70.0
16-Dec-2022 23:37:32.825 INFO [main] org.apache.catalina.startup.VersionLoggerListener.log 운영체제 이름:     Windows 11
16-Dec-2022 23:37:32.825 INFO [main] org.apache.catalina.startup.VersionLoggerListener.log 운영체제 버전:     10.0
16-Dec-2022 23:37:32.825 INFO [main] org.apache.catalina.startup.VersionLoggerListener.log 아키텍처:          amd64
16-Dec-2022 23:37:32.825 INFO [main] org.apache.catalina.startup.VersionLoggerListener.log 자바 홈:           C:\Program Files\Java\jdk-18.0.2.1
16-Dec-2022 23:37:32.825 INFO [main] org.apache.catalina.startup.VersionLoggerListener.log JVM 버전:          18.0.2.1+1-1
16-Dec-2022 23:37:32.825 INFO [main] org.apache.catalina.startup.VersionLoggerListener.log JVM 벤더:          Oracle Corporation
16-Dec-2022 23:37:32.825 INFO [main] org.apache.catalina.startup.VersionLoggerListener.log CATALINA_BASE:     C:\Users\jmk04\OneDrive\문서\apache-tomcat-9.0.70-windows-x64\apache-tomcat-9.0.70
16-Dec-2022 23:37:32.825 INFO [main] org.apache.catalina.startup.VersionLoggerListener.log CATALINA_HOME:     C:\Users\jmk04\OneDrive\문서\apache-tomcat-9.0.70-windows-x64\apache-tomcat-9.0.70
16-Dec-2022 23:37:32.837 INFO [main] org.apache.catalina.startup.VersionLoggerListener.log 명령 행 아규먼트:  --add-opens=java.base/java.lang=ALL-UNNAMED
16-Dec-2022 23:37:32.838 INFO [main] org.apache.catalina.startup.VersionLoggerListener.log 명령 행 아규먼트:  --add-opens=java.base/java.io=ALL-UNNAMED
16-Dec-2022 23:37:32.839 INFO [main] org.apache.catalina.startup.VersionLoggerListener.log 명령 행 아규먼트:  --add-opens=java.base/java.util=ALL-UNNAMED
16-Dec-2022 23:37:32.840 INFO [main] org.apache.catalina.startup.VersionLoggerListener.log 명령 행 아규먼트:  --add-opens=java.base/java.util.concurrent=ALL-UNNAMED
16-Dec-2022 23:37:32.841 INFO [main] org.apache.catalina.startup.VersionLoggerListener.log 명령 행 아규먼트:  --add-opens=java.rmi/sun.rmi.transport=ALL-UNNAMED
16-Dec-2022 23:37:32.848 INFO [main] org.apache.catalina.startup.VersionLoggerListener.log 명령 행 아규먼트:  -Djava.util.logging.config.file=C:\Users\jmk04\OneDrive\문서\apache-tomcat-9.0.70-windows-x64\apache-tomcat-9.0.70\conf\logging.properties
16-Dec-2022 23:37:32.849 INFO [main] org.apache.catalina.startup.VersionLoggerListener.log 명령 행 아규먼트:  -Djava.util.logging.manager=org.apache.juli.ClassLoaderLogManager
16-Dec-2022 23:37:32.849 INFO [main] org.apache.catalina.startup.VersionLoggerListener.log 명령 행 아규먼트:  -Djdk.tls.ephemeralDHKeySize=2048
16-Dec-2022 23:37:32.850 INFO [main] org.apache.catalina.startup.VersionLoggerListener.log 명령 행 아규먼트:  -Djava.protocol.handler.pkgs=org.apache.catalina.webresources
16-Dec-2022 23:37:32.850 INFO [main] org.apache.catalina.startup.VersionLoggerListener.log 명령 행 아규먼트:  -Dignore.endorsed.dirs=
16-Dec-2022 23:37:32.851 INFO [main] org.apache.catalina.startup.VersionLoggerListener.log 명령 행 아규먼트:  -Dcatalina.base=C:\Users\jmk04\OneDrive\문서\apache-tomcat-9.0.70-windows-x64\apache-tomcat-9.0.70
16-Dec-2022 23:37:32.852 INFO [main] org.apache.catalina.startup.VersionLoggerListener.log 명령 행 아규먼트:  -Dcatalina.home=C:\Users\jmk04\OneDrive\문서\apache-tomcat-9.0.70-windows-x64\apache-tomcat-9.0.70
16-Dec-2022 23:37:32.852 INFO [main] org.apache.catalina.startup.VersionLoggerListener.log 명령 행 아규먼트:  -Djava.io.tmpdir=C:\Users\jmk04\OneDrive\문서\apache-tomcat-9.0.70-windows-x64\apache-tomcat-9.0.70\temp
16-Dec-2022 23:37:32.857 INFO [main] org.apache.catalina.core.AprLifecycleListener.lifecycleEvent APR 버전 [1.7.0]을(를) 사용한, APR 기반 Apache Tomcat Native 라이브러리 [1.2.35]을(를) 로드했습니다.
16-Dec-2022 23:37:32.862 INFO [main] org.apache.catalina.core.AprLifecycleListener.lifecycleEvent APR 용량정보들: IPv6 [true], sendfile [true], accept filters [false], random [true], UDS [true].
16-Dec-2022 23:37:32.863 INFO [main] org.apache.catalina.core.AprLifecycleListener.lifecycleEvent APR/OpenSSL 설정: useAprConnector [false], useOpenSSL [true]
16-Dec-2022 23:37:32.868 INFO [main] org.apache.catalina.core.AprLifecycleListener.initializeSSL OpenSSL이 성공적으로 초기화되었습니다: [OpenSSL 1.1.1q  5 Jul 2022]
16-Dec-2022 23:37:33.181 INFO [main] org.apache.coyote.AbstractProtocol.init 프로토콜 핸들러 ["http-nio-8080"]을(를) 초기화합니다.
16-Dec-2022 23:37:33.215 INFO [main] org.apache.catalina.startup.Catalina.load [629] 밀리초 내에 서버가 초기화되었습니다.
16-Dec-2022 23:37:33.273 INFO [main] org.apache.catalina.core.StandardService.startInternal 서비스 [Catalina]을(를) 시작합니다.
16-Dec-2022 23:37:33.276 INFO [main] org.apache.catalina.core.StandardEngine.startInternal 서버 엔진을 시작합니다: [Apache Tomcat/9.0.70]
16-Dec-2022 23:37:33.291 INFO [main] org.apache.catalina.startup.HostConfig.deployDirectory 웹 애플리케이션 디렉토리 [C:\Users\jmk04\OneDrive\문서\apache-tomcat-9.0.70-windows-x64\apache-tomcat-9.0.70\webapps\docs]을(를) 배치합니다.
16-Dec-2022 23:37:33.726 INFO [main] org.apache.catalina.startup.HostConfig.deployDirectory 웹 애플리케이션 디렉토리 [C:\Users\jmk04\OneDrive\문서\apache-tomcat-9.0.70-windows-x64\apache-tomcat-9.0.70\webapps\docs]에 대한 배치가 [432] 밀리초에 완료되었습니다.
16-Dec-2022 23:37:33.729 INFO [main] org.apache.catalina.startup.HostConfig.deployDirectory 웹 애플리케이션 디렉토리 [C:\Users\jmk04\OneDrive\문서\apache-tomcat-9.0.70-windows-x64\apache-tomcat-9.0.70\webapps\examples]을(를) 배치합니다.
16-Dec-2022 23:37:34.426 INFO [main] org.apache.catalina.startup.HostConfig.deployDirectory 웹 애플리케이션 디렉토리 [C:\Users\jmk04\OneDrive\문서\apache-tomcat-9.0.70-windows-x64\apache-tomcat-9.0.70\webapps\examples]에 대한 배치가 [697] 밀리초에 완료되었습니다.
16-Dec-2022 23:37:34.430 INFO [main] org.apache.catalina.startup.HostConfig.deployDirectory 웹 애플리케이션 디렉토리 [C:\Users\jmk04\OneDrive\문서\apache-tomcat-9.0.70-windows-x64\apache-tomcat-9.0.70\webapps\home]을(를) 배치합니다.
16-Dec-2022 23:37:34.810 INFO [main] org.apache.catalina.startup.HostConfig.deployDirectory 웹 애플리케이션 디렉토리 [C:\Users\jmk04\OneDrive\문서\apache-tomcat-9.0.70-windows-x64\apache-tomcat-9.0.70\webapps\home]에 대한 배치가 [380] 밀리초에 완료되었습니다.
16-Dec-2022 23:37:34.813 INFO [main] org.apache.catalina.startup.HostConfig.deployDirectory 웹 애플리케이션 디렉토리 [C:\Users\jmk04\OneDrive\문서\apache-tomcat-9.0.70-windows-x64\apache-tomcat-9.0.70\webapps\host-manager]을(를) 배치합니다.
16-Dec-2022 23:37:34.875 INFO [main] org.apache.catalina.startup.HostConfig.deployDirectory 웹 애플리케이션 디렉토리 [C:\Users\jmk04\OneDrive\문서\apache-tomcat-9.0.70-windows-x64\apache-tomcat-9.0.70\webapps\host-manager]에 대한 배치가 [61] 밀리초에 완료되었습니다.
16-Dec-2022 23:37:34.877 INFO [main] org.apache.catalina.startup.HostConfig.deployDirectory 웹 애플리케이션 디렉토리 [C:\Users\jmk04\OneDrive\문서\apache-tomcat-9.0.70-windows-x64\apache-tomcat-9.0.70\webapps\manager]을(를) 배치합니다.
16-Dec-2022 23:37:34.939 INFO [main] org.apache.catalina.startup.HostConfig.deployDirectory 웹 애플리케이션 디렉토리 [C:\Users\jmk04\OneDrive\문서\apache-tomcat-9.0.70-windows-x64\apache-tomcat-9.0.70\webapps\manager]에 대한 배치가 [61] 밀리초에 완료되었습니다.
16-Dec-2022 23:37:34.942 INFO [main] org.apache.catalina.startup.HostConfig.deployDirectory 웹 애플리케이션 디렉토리 [C:\Users\jmk04\OneDrive\문서\apache-tomcat-9.0.70-windows-x64\apache-tomcat-9.0.70\webapps\ROOT]을(를) 배치합니다.
16-Dec-2022 23:37:34.981 INFO [main] org.apache.catalina.startup.HostConfig.deployDirectory 웹 애플리케이션 디렉토리 [C:\Users\jmk04\OneDrive\문서\apache-tomcat-9.0.70-windows-x64\apache-tomcat-9.0.70\webapps\ROOT]에 대한 배치가 [39] 밀리초에 완료되었습니다.
16-Dec-2022 23:37:34.989 INFO [main] org.apache.coyote.AbstractProtocol.start 프로토콜 핸들러 ["http-nio-8080"]을(를) 시작합니다.
16-Dec-2022 23:37:35.034 INFO [main] org.apache.catalina.startup.Catalina.start 서버가 [1816] 밀리초 내에 시작되었습니다.
