10-Dec-2022 18:07:38.001 INFO [main] org.apache.catalina.startup.VersionLoggerListener.log 서버 버전 이름:    Apache Tomcat/9.0.70
10-Dec-2022 18:07:38.016 INFO [main] org.apache.catalina.startup.VersionLoggerListener.log Server 빌드 시각:  Dec 1 2022 14:05:47 UTC
10-Dec-2022 18:07:38.016 INFO [main] org.apache.catalina.startup.VersionLoggerListener.log Server 버전 번호:  9.0.70.0
10-Dec-2022 18:07:38.016 INFO [main] org.apache.catalina.startup.VersionLoggerListener.log 운영체제 이름:     Windows 11
10-Dec-2022 18:07:38.016 INFO [main] org.apache.catalina.startup.VersionLoggerListener.log 운영체제 버전:     10.0
10-Dec-2022 18:07:38.017 INFO [main] org.apache.catalina.startup.VersionLoggerListener.log 아키텍처:          amd64
10-Dec-2022 18:07:38.017 INFO [main] org.apache.catalina.startup.VersionLoggerListener.log 자바 홈:           C:\Program Files\Java\jdk-18.0.2.1
10-Dec-2022 18:07:38.017 INFO [main] org.apache.catalina.startup.VersionLoggerListener.log JVM 버전:          18.0.2.1+1-1
10-Dec-2022 18:07:38.017 INFO [main] org.apache.catalina.startup.VersionLoggerListener.log JVM 벤더:          Oracle Corporation
10-Dec-2022 18:07:38.017 INFO [main] org.apache.catalina.startup.VersionLoggerListener.log CATALINA_BASE:     C:\Users\jmk04\OneDrive\문서\apache-tomcat-9.0.70-windows-x64\apache-tomcat-9.0.70
10-Dec-2022 18:07:38.017 INFO [main] org.apache.catalina.startup.VersionLoggerListener.log CATALINA_HOME:     C:\Users\jmk04\OneDrive\문서\apache-tomcat-9.0.70-windows-x64\apache-tomcat-9.0.70
10-Dec-2022 18:07:38.022 INFO [main] org.apache.catalina.startup.VersionLoggerListener.log 명령 행 아규먼트:  --add-opens=java.base/java.lang=ALL-UNNAMED
10-Dec-2022 18:07:38.022 INFO [main] org.apache.catalina.startup.VersionLoggerListener.log 명령 행 아규먼트:  --add-opens=java.base/java.io=ALL-UNNAMED
10-Dec-2022 18:07:38.023 INFO [main] org.apache.catalina.startup.VersionLoggerListener.log 명령 행 아규먼트:  --add-opens=java.base/java.util=ALL-UNNAMED
10-Dec-2022 18:07:38.024 INFO [main] org.apache.catalina.startup.VersionLoggerListener.log 명령 행 아규먼트:  --add-opens=java.base/java.util.concurrent=ALL-UNNAMED
10-Dec-2022 18:07:38.024 INFO [main] org.apache.catalina.startup.VersionLoggerListener.log 명령 행 아규먼트:  --add-opens=java.rmi/sun.rmi.transport=ALL-UNNAMED
10-Dec-2022 18:07:38.025 INFO [main] org.apache.catalina.startup.VersionLoggerListener.log 명령 행 아규먼트:  -Djava.util.logging.config.file=C:\Users\jmk04\OneDrive\문서\apache-tomcat-9.0.70-windows-x64\apache-tomcat-9.0.70\conf\logging.properties
10-Dec-2022 18:07:38.025 INFO [main] org.apache.catalina.startup.VersionLoggerListener.log 명령 행 아규먼트:  -Djava.util.logging.manager=org.apache.juli.ClassLoaderLogManager
10-Dec-2022 18:07:38.026 INFO [main] org.apache.catalina.startup.VersionLoggerListener.log 명령 행 아규먼트:  -Djdk.tls.ephemeralDHKeySize=2048
10-Dec-2022 18:07:38.027 INFO [main] org.apache.catalina.startup.VersionLoggerListener.log 명령 행 아규먼트:  -Djava.protocol.handler.pkgs=org.apache.catalina.webresources
10-Dec-2022 18:07:38.027 INFO [main] org.apache.catalina.startup.VersionLoggerListener.log 명령 행 아규먼트:  -Dignore.endorsed.dirs=
10-Dec-2022 18:07:38.028 INFO [main] org.apache.catalina.startup.VersionLoggerListener.log 명령 행 아규먼트:  -Dcatalina.base=C:\Users\jmk04\OneDrive\문서\apache-tomcat-9.0.70-windows-x64\apache-tomcat-9.0.70
10-Dec-2022 18:07:38.028 INFO [main] org.apache.catalina.startup.VersionLoggerListener.log 명령 행 아규먼트:  -Dcatalina.home=C:\Users\jmk04\OneDrive\문서\apache-tomcat-9.0.70-windows-x64\apache-tomcat-9.0.70
10-Dec-2022 18:07:38.029 INFO [main] org.apache.catalina.startup.VersionLoggerListener.log 명령 행 아규먼트:  -Djava.io.tmpdir=C:\Users\jmk04\OneDrive\문서\apache-tomcat-9.0.70-windows-x64\apache-tomcat-9.0.70\temp
10-Dec-2022 18:07:38.033 INFO [main] org.apache.catalina.core.AprLifecycleListener.lifecycleEvent APR 버전 [1.7.0]을(를) 사용한, APR 기반 Apache Tomcat Native 라이브러리 [1.2.35]을(를) 로드했습니다.
10-Dec-2022 18:07:38.034 INFO [main] org.apache.catalina.core.AprLifecycleListener.lifecycleEvent APR 용량정보들: IPv6 [true], sendfile [true], accept filters [false], random [true], UDS [true].
10-Dec-2022 18:07:38.055 INFO [main] org.apache.catalina.core.AprLifecycleListener.lifecycleEvent APR/OpenSSL 설정: useAprConnector [false], useOpenSSL [true]
10-Dec-2022 18:07:38.061 INFO [main] org.apache.catalina.core.AprLifecycleListener.initializeSSL OpenSSL이 성공적으로 초기화되었습니다: [OpenSSL 1.1.1q  5 Jul 2022]
10-Dec-2022 18:07:38.342 INFO [main] org.apache.coyote.AbstractProtocol.init 프로토콜 핸들러 ["http-nio-8080"]을(를) 초기화합니다.
10-Dec-2022 18:07:38.373 INFO [main] org.apache.catalina.startup.Catalina.load [579] 밀리초 내에 서버가 초기화되었습니다.
10-Dec-2022 18:07:38.416 INFO [main] org.apache.catalina.core.StandardService.startInternal 서비스 [Catalina]을(를) 시작합니다.
10-Dec-2022 18:07:38.420 INFO [main] org.apache.catalina.core.StandardEngine.startInternal 서버 엔진을 시작합니다: [Apache Tomcat/9.0.70]
10-Dec-2022 18:07:38.431 INFO [main] org.apache.catalina.startup.HostConfig.deployDirectory 웹 애플리케이션 디렉토리 [C:\Users\jmk04\OneDrive\문서\apache-tomcat-9.0.70-windows-x64\apache-tomcat-9.0.70\webapps\docs]을(를) 배치합니다.
10-Dec-2022 18:07:38.737 INFO [main] org.apache.catalina.startup.HostConfig.deployDirectory 웹 애플리케이션 디렉토리 [C:\Users\jmk04\OneDrive\문서\apache-tomcat-9.0.70-windows-x64\apache-tomcat-9.0.70\webapps\docs]에 대한 배치가 [304] 밀리초에 완료되었습니다.
10-Dec-2022 18:07:38.739 INFO [main] org.apache.catalina.startup.HostConfig.deployDirectory 웹 애플리케이션 디렉토리 [C:\Users\jmk04\OneDrive\문서\apache-tomcat-9.0.70-windows-x64\apache-tomcat-9.0.70\webapps\examples]을(를) 배치합니다.
10-Dec-2022 18:07:39.335 INFO [main] org.apache.catalina.startup.HostConfig.deployDirectory 웹 애플리케이션 디렉토리 [C:\Users\jmk04\OneDrive\문서\apache-tomcat-9.0.70-windows-x64\apache-tomcat-9.0.70\webapps\examples]에 대한 배치가 [596] 밀리초에 완료되었습니다.
10-Dec-2022 18:07:39.338 INFO [main] org.apache.catalina.startup.HostConfig.deployDirectory 웹 애플리케이션 디렉토리 [C:\Users\jmk04\OneDrive\문서\apache-tomcat-9.0.70-windows-x64\apache-tomcat-9.0.70\webapps\home]을(를) 배치합니다.
10-Dec-2022 18:07:39.381 INFO [main] org.apache.catalina.startup.HostConfig.deployDirectory 웹 애플리케이션 디렉토리 [C:\Users\jmk04\OneDrive\문서\apache-tomcat-9.0.70-windows-x64\apache-tomcat-9.0.70\webapps\home]에 대한 배치가 [43] 밀리초에 완료되었습니다.
10-Dec-2022 18:07:39.383 INFO [main] org.apache.catalina.startup.HostConfig.deployDirectory 웹 애플리케이션 디렉토리 [C:\Users\jmk04\OneDrive\문서\apache-tomcat-9.0.70-windows-x64\apache-tomcat-9.0.70\webapps\host-manager]을(를) 배치합니다.
10-Dec-2022 18:07:39.430 INFO [main] org.apache.catalina.startup.HostConfig.deployDirectory 웹 애플리케이션 디렉토리 [C:\Users\jmk04\OneDrive\문서\apache-tomcat-9.0.70-windows-x64\apache-tomcat-9.0.70\webapps\host-manager]에 대한 배치가 [47] 밀리초에 완료되었습니다.
10-Dec-2022 18:07:39.433 INFO [main] org.apache.catalina.startup.HostConfig.deployDirectory 웹 애플리케이션 디렉토리 [C:\Users\jmk04\OneDrive\문서\apache-tomcat-9.0.70-windows-x64\apache-tomcat-9.0.70\webapps\manager]을(를) 배치합니다.
10-Dec-2022 18:07:39.493 INFO [main] org.apache.catalina.startup.HostConfig.deployDirectory 웹 애플리케이션 디렉토리 [C:\Users\jmk04\OneDrive\문서\apache-tomcat-9.0.70-windows-x64\apache-tomcat-9.0.70\webapps\manager]에 대한 배치가 [60] 밀리초에 완료되었습니다.
10-Dec-2022 18:07:39.496 INFO [main] org.apache.catalina.startup.HostConfig.deployDirectory 웹 애플리케이션 디렉토리 [C:\Users\jmk04\OneDrive\문서\apache-tomcat-9.0.70-windows-x64\apache-tomcat-9.0.70\webapps\ROOT]을(를) 배치합니다.
10-Dec-2022 18:07:39.535 INFO [main] org.apache.catalina.startup.HostConfig.deployDirectory 웹 애플리케이션 디렉토리 [C:\Users\jmk04\OneDrive\문서\apache-tomcat-9.0.70-windows-x64\apache-tomcat-9.0.70\webapps\ROOT]에 대한 배치가 [38] 밀리초에 완료되었습니다.
10-Dec-2022 18:07:39.542 INFO [main] org.apache.coyote.AbstractProtocol.start 프로토콜 핸들러 ["http-nio-8080"]을(를) 시작합니다.
10-Dec-2022 18:07:39.582 INFO [main] org.apache.catalina.startup.Catalina.start 서버가 [1207] 밀리초 내에 시작되었습니다.
10-Dec-2022 20:50:20.220 INFO [main] org.apache.catalina.core.StandardServer.await 셧다운 포트를 통해 유효한 셧다운 명령을 받았습니다. 서버 인스턴스를 중지시킵니다.
10-Dec-2022 20:50:20.227 INFO [main] org.apache.coyote.AbstractProtocol.pause 프로토콜 핸들러 ["http-nio-8080"]을(를) 일시 정지 중
10-Dec-2022 20:50:20.269 INFO [main] org.apache.catalina.core.StandardService.stopInternal 서비스 [Catalina]을(를) 중지시킵니다.
10-Dec-2022 20:50:20.390 INFO [main] org.apache.coyote.AbstractProtocol.stop 프로토콜 핸들러 ["http-nio-8080"]을(를) 중지시킵니다.
10-Dec-2022 20:50:20.406 INFO [main] org.apache.coyote.AbstractProtocol.destroy 프로토콜 핸들러 ["http-nio-8080"]을(를) 소멸시킵니다.
10-Dec-2022 20:50:24.555 INFO [main] org.apache.catalina.startup.VersionLoggerListener.log 서버 버전 이름:    Apache Tomcat/9.0.70
10-Dec-2022 20:50:24.572 INFO [main] org.apache.catalina.startup.VersionLoggerListener.log Server 빌드 시각:  Dec 1 2022 14:05:47 UTC
10-Dec-2022 20:50:24.573 INFO [main] org.apache.catalina.startup.VersionLoggerListener.log Server 버전 번호:  9.0.70.0
10-Dec-2022 20:50:24.573 INFO [main] org.apache.catalina.startup.VersionLoggerListener.log 운영체제 이름:     Windows 11
10-Dec-2022 20:50:24.573 INFO [main] org.apache.catalina.startup.VersionLoggerListener.log 운영체제 버전:     10.0
10-Dec-2022 20:50:24.573 INFO [main] org.apache.catalina.startup.VersionLoggerListener.log 아키텍처:          amd64
10-Dec-2022 20:50:24.573 INFO [main] org.apache.catalina.startup.VersionLoggerListener.log 자바 홈:           C:\Program Files\Java\jdk-18.0.2.1
10-Dec-2022 20:50:24.573 INFO [main] org.apache.catalina.startup.VersionLoggerListener.log JVM 버전:          18.0.2.1+1-1
10-Dec-2022 20:50:24.573 INFO [main] org.apache.catalina.startup.VersionLoggerListener.log JVM 벤더:          Oracle Corporation
10-Dec-2022 20:50:24.573 INFO [main] org.apache.catalina.startup.VersionLoggerListener.log CATALINA_BASE:     C:\Users\jmk04\OneDrive\문서\apache-tomcat-9.0.70-windows-x64\apache-tomcat-9.0.70
10-Dec-2022 20:50:24.574 INFO [main] org.apache.catalina.startup.VersionLoggerListener.log CATALINA_HOME:     C:\Users\jmk04\OneDrive\문서\apache-tomcat-9.0.70-windows-x64\apache-tomcat-9.0.70
10-Dec-2022 20:50:24.574 INFO [main] org.apache.catalina.startup.VersionLoggerListener.log 명령 행 아규먼트:  --add-opens=java.base/java.lang=ALL-UNNAMED
10-Dec-2022 20:50:24.575 INFO [main] org.apache.catalina.startup.VersionLoggerListener.log 명령 행 아규먼트:  --add-opens=java.base/java.io=ALL-UNNAMED
10-Dec-2022 20:50:24.575 INFO [main] org.apache.catalina.startup.VersionLoggerListener.log 명령 행 아규먼트:  --add-opens=java.base/java.util=ALL-UNNAMED
10-Dec-2022 20:50:24.576 INFO [main] org.apache.catalina.startup.VersionLoggerListener.log 명령 행 아규먼트:  --add-opens=java.base/java.util.concurrent=ALL-UNNAMED
10-Dec-2022 20:50:24.577 INFO [main] org.apache.catalina.startup.VersionLoggerListener.log 명령 행 아규먼트:  --add-opens=java.rmi/sun.rmi.transport=ALL-UNNAMED
10-Dec-2022 20:50:24.577 INFO [main] org.apache.catalina.startup.VersionLoggerListener.log 명령 행 아규먼트:  -Djava.util.logging.config.file=C:\Users\jmk04\OneDrive\문서\apache-tomcat-9.0.70-windows-x64\apache-tomcat-9.0.70\conf\logging.properties
10-Dec-2022 20:50:24.578 INFO [main] org.apache.catalina.startup.VersionLoggerListener.log 명령 행 아규먼트:  -Djava.util.logging.manager=org.apache.juli.ClassLoaderLogManager
10-Dec-2022 20:50:24.578 INFO [main] org.apache.catalina.startup.VersionLoggerListener.log 명령 행 아규먼트:  -Djdk.tls.ephemeralDHKeySize=2048
10-Dec-2022 20:50:24.579 INFO [main] org.apache.catalina.startup.VersionLoggerListener.log 명령 행 아규먼트:  -Djava.protocol.handler.pkgs=org.apache.catalina.webresources
10-Dec-2022 20:50:24.579 INFO [main] org.apache.catalina.startup.VersionLoggerListener.log 명령 행 아규먼트:  -Dignore.endorsed.dirs=
10-Dec-2022 20:50:24.580 INFO [main] org.apache.catalina.startup.VersionLoggerListener.log 명령 행 아규먼트:  -Dcatalina.base=C:\Users\jmk04\OneDrive\문서\apache-tomcat-9.0.70-windows-x64\apache-tomcat-9.0.70
10-Dec-2022 20:50:24.581 INFO [main] org.apache.catalina.startup.VersionLoggerListener.log 명령 행 아규먼트:  -Dcatalina.home=C:\Users\jmk04\OneDrive\문서\apache-tomcat-9.0.70-windows-x64\apache-tomcat-9.0.70
10-Dec-2022 20:50:24.581 INFO [main] org.apache.catalina.startup.VersionLoggerListener.log 명령 행 아규먼트:  -Djava.io.tmpdir=C:\Users\jmk04\OneDrive\문서\apache-tomcat-9.0.70-windows-x64\apache-tomcat-9.0.70\temp
10-Dec-2022 20:50:24.587 INFO [main] org.apache.catalina.core.AprLifecycleListener.lifecycleEvent APR 버전 [1.7.0]을(를) 사용한, APR 기반 Apache Tomcat Native 라이브러리 [1.2.35]을(를) 로드했습니다.
10-Dec-2022 20:50:24.604 INFO [main] org.apache.catalina.core.AprLifecycleListener.lifecycleEvent APR 용량정보들: IPv6 [true], sendfile [true], accept filters [false], random [true], UDS [true].
10-Dec-2022 20:50:24.605 INFO [main] org.apache.catalina.core.AprLifecycleListener.lifecycleEvent APR/OpenSSL 설정: useAprConnector [false], useOpenSSL [true]
10-Dec-2022 20:50:24.609 INFO [main] org.apache.catalina.core.AprLifecycleListener.initializeSSL OpenSSL이 성공적으로 초기화되었습니다: [OpenSSL 1.1.1q  5 Jul 2022]
10-Dec-2022 20:50:24.887 INFO [main] org.apache.coyote.AbstractProtocol.init 프로토콜 핸들러 ["http-nio-8080"]을(를) 초기화합니다.
10-Dec-2022 20:50:24.918 INFO [main] org.apache.catalina.startup.Catalina.load [612] 밀리초 내에 서버가 초기화되었습니다.
10-Dec-2022 20:50:24.982 INFO [main] org.apache.catalina.core.StandardService.startInternal 서비스 [Catalina]을(를) 시작합니다.
10-Dec-2022 20:50:24.983 INFO [main] org.apache.catalina.core.StandardEngine.startInternal 서버 엔진을 시작합니다: [Apache Tomcat/9.0.70]
10-Dec-2022 20:50:24.996 INFO [main] org.apache.catalina.startup.HostConfig.deployDirectory 웹 애플리케이션 디렉토리 [C:\Users\jmk04\OneDrive\문서\apache-tomcat-9.0.70-windows-x64\apache-tomcat-9.0.70\webapps\docs]을(를) 배치합니다.
10-Dec-2022 20:50:25.354 INFO [main] org.apache.catalina.startup.HostConfig.deployDirectory 웹 애플리케이션 디렉토리 [C:\Users\jmk04\OneDrive\문서\apache-tomcat-9.0.70-windows-x64\apache-tomcat-9.0.70\webapps\docs]에 대한 배치가 [355] 밀리초에 완료되었습니다.
10-Dec-2022 20:50:25.364 INFO [main] org.apache.catalina.startup.HostConfig.deployDirectory 웹 애플리케이션 디렉토리 [C:\Users\jmk04\OneDrive\문서\apache-tomcat-9.0.70-windows-x64\apache-tomcat-9.0.70\webapps\examples]을(를) 배치합니다.
10-Dec-2022 20:50:26.101 INFO [main] org.apache.catalina.startup.HostConfig.deployDirectory 웹 애플리케이션 디렉토리 [C:\Users\jmk04\OneDrive\문서\apache-tomcat-9.0.70-windows-x64\apache-tomcat-9.0.70\webapps\examples]에 대한 배치가 [738] 밀리초에 완료되었습니다.
10-Dec-2022 20:50:26.104 INFO [main] org.apache.catalina.startup.HostConfig.deployDirectory 웹 애플리케이션 디렉토리 [C:\Users\jmk04\OneDrive\문서\apache-tomcat-9.0.70-windows-x64\apache-tomcat-9.0.70\webapps\home]을(를) 배치합니다.
10-Dec-2022 20:50:26.383 INFO [main] org.apache.catalina.startup.HostConfig.deployDirectory 웹 애플리케이션 디렉토리 [C:\Users\jmk04\OneDrive\문서\apache-tomcat-9.0.70-windows-x64\apache-tomcat-9.0.70\webapps\home]에 대한 배치가 [279] 밀리초에 완료되었습니다.
10-Dec-2022 20:50:26.387 INFO [main] org.apache.catalina.startup.HostConfig.deployDirectory 웹 애플리케이션 디렉토리 [C:\Users\jmk04\OneDrive\문서\apache-tomcat-9.0.70-windows-x64\apache-tomcat-9.0.70\webapps\host-manager]을(를) 배치합니다.
10-Dec-2022 20:50:26.442 INFO [main] org.apache.catalina.startup.HostConfig.deployDirectory 웹 애플리케이션 디렉토리 [C:\Users\jmk04\OneDrive\문서\apache-tomcat-9.0.70-windows-x64\apache-tomcat-9.0.70\webapps\host-manager]에 대한 배치가 [55] 밀리초에 완료되었습니다.
10-Dec-2022 20:50:26.445 INFO [main] org.apache.catalina.startup.HostConfig.deployDirectory 웹 애플리케이션 디렉토리 [C:\Users\jmk04\OneDrive\문서\apache-tomcat-9.0.70-windows-x64\apache-tomcat-9.0.70\webapps\manager]을(를) 배치합니다.
10-Dec-2022 20:50:26.536 INFO [main] org.apache.catalina.startup.HostConfig.deployDirectory 웹 애플리케이션 디렉토리 [C:\Users\jmk04\OneDrive\문서\apache-tomcat-9.0.70-windows-x64\apache-tomcat-9.0.70\webapps\manager]에 대한 배치가 [90] 밀리초에 완료되었습니다.
10-Dec-2022 20:50:26.539 INFO [main] org.apache.catalina.startup.HostConfig.deployDirectory 웹 애플리케이션 디렉토리 [C:\Users\jmk04\OneDrive\문서\apache-tomcat-9.0.70-windows-x64\apache-tomcat-9.0.70\webapps\ROOT]을(를) 배치합니다.
10-Dec-2022 20:50:26.574 INFO [main] org.apache.catalina.startup.HostConfig.deployDirectory 웹 애플리케이션 디렉토리 [C:\Users\jmk04\OneDrive\문서\apache-tomcat-9.0.70-windows-x64\apache-tomcat-9.0.70\webapps\ROOT]에 대한 배치가 [35] 밀리초에 완료되었습니다.
10-Dec-2022 20:50:26.580 INFO [main] org.apache.coyote.AbstractProtocol.start 프로토콜 핸들러 ["http-nio-8080"]을(를) 시작합니다.
10-Dec-2022 20:50:26.634 INFO [main] org.apache.catalina.startup.Catalina.start 서버가 [1714] 밀리초 내에 시작되었습니다.
