16-Dec-2022 23:07:08.427 INFO [main] org.apache.catalina.core.ApplicationContext.log ContextListener: contextInitialized()
16-Dec-2022 23:07:08.427 INFO [main] org.apache.catalina.core.ApplicationContext.log SessionListener: contextInitialized()
16-Dec-2022 23:07:08.430 INFO [main] org.apache.catalina.core.ApplicationContext.log ContextListener: attributeAdded('StockTicker', 'async.Stockticker@165b8a71')
16-Dec-2022 23:07:18.488 INFO [main] org.apache.catalina.core.ApplicationContext.log SessionListener: contextDestroyed()
16-Dec-2022 23:07:18.488 INFO [main] org.apache.catalina.core.ApplicationContext.log ContextListener: contextDestroyed()
16-Dec-2022 23:08:20.527 INFO [main] org.apache.catalina.core.ApplicationContext.log ContextListener: contextInitialized()
16-Dec-2022 23:08:20.528 INFO [main] org.apache.catalina.core.ApplicationContext.log SessionListener: contextInitialized()
16-Dec-2022 23:08:20.530 INFO [main] org.apache.catalina.core.ApplicationContext.log ContextListener: attributeAdded('StockTicker', 'async.Stockticker@611df6e3')
16-Dec-2022 23:17:33.971 INFO [main] org.apache.catalina.core.ApplicationContext.log SessionListener: contextDestroyed()
16-Dec-2022 23:17:33.973 INFO [main] org.apache.catalina.core.ApplicationContext.log ContextListener: contextDestroyed()
16-Dec-2022 23:17:39.358 INFO [main] org.apache.catalina.core.ApplicationContext.log ContextListener: contextInitialized()
16-Dec-2022 23:17:39.358 INFO [main] org.apache.catalina.core.ApplicationContext.log SessionListener: contextInitialized()
16-Dec-2022 23:17:39.362 INFO [main] org.apache.catalina.core.ApplicationContext.log ContextListener: attributeAdded('StockTicker', 'async.Stockticker@6273c5a4')
16-Dec-2022 23:31:06.552 INFO [main] org.apache.catalina.core.ApplicationContext.log SessionListener: contextDestroyed()
16-Dec-2022 23:31:06.552 INFO [main] org.apache.catalina.core.ApplicationContext.log ContextListener: contextDestroyed()
16-Dec-2022 23:31:10.939 INFO [main] org.apache.catalina.core.ApplicationContext.log ContextListener: contextInitialized()
16-Dec-2022 23:31:10.939 INFO [main] org.apache.catalina.core.ApplicationContext.log SessionListener: contextInitialized()
16-Dec-2022 23:31:10.941 INFO [main] org.apache.catalina.core.ApplicationContext.log ContextListener: attributeAdded('StockTicker', 'async.Stockticker@6273c5a4')
16-Dec-2022 23:37:28.496 INFO [main] org.apache.catalina.core.ApplicationContext.log SessionListener: contextDestroyed()
16-Dec-2022 23:37:28.496 INFO [main] org.apache.catalina.core.ApplicationContext.log ContextListener: contextDestroyed()
16-Dec-2022 23:37:34.406 INFO [main] org.apache.catalina.core.ApplicationContext.log ContextListener: contextInitialized()
16-Dec-2022 23:37:34.406 INFO [main] org.apache.catalina.core.ApplicationContext.log SessionListener: contextInitialized()
16-Dec-2022 23:37:34.409 INFO [main] org.apache.catalina.core.ApplicationContext.log ContextListener: attributeAdded('StockTicker', 'async.Stockticker@2cf92cc7')
